<?xml version="1.0" encoding="UTF-8"?>
<!-- Generated by org.testng.reporters.JUnitXMLReporter -->
<testsuite hostname="MechanicPC" name="test" tests="107" failures="0" timestamp="5 Mar 2016 13:49:31 GMT" time="0.269" errors="0">
  <testcase name="testMaxIndex0" time="0.015" classname="testNG.ArrayTest"/>
  <testcase name="testMaxIndex2" time="0.001" classname="testNG.ArrayTest"/>
  <testcase name="testMaxIndex4" time="0.001" classname="testNG.ArrayTest"/>
  <testcase name="testMinIndex0" time="0.003" classname="testNG.ArrayTest"/>
  <testcase name="testMinIndex2" time="0.001" classname="testNG.ArrayTest"/>
  <testcase name="testMinIndex4" time="0.001" classname="testNG.ArrayTest"/>
  <testcase name="testfindMax1" time="0.002" classname="testNG.ArrayTest"/>
  <testcase name="testfindMax2" time="0.0" classname="testNG.ArrayTest"/>
  <testcase name="testfindMax3" time="0.001" classname="testNG.ArrayTest"/>
  <testcase name="testfindMax4" time="0.0" classname="testNG.ArrayTest"/>
  <testcase name="testfindMin1" time="0.001" classname="testNG.ArrayTest"/>
  <testcase name="testfindMin2" time="0.001" classname="testNG.ArrayTest"/>
  <testcase name="testfindMin3" time="0.001" classname="testNG.ArrayTest"/>
  <testcase name="testfindMin4" time="0.001" classname="testNG.ArrayTest"/>
  <testcase name="test1" time="0.002" classname="testNG.ConditionalTests"/>
  <testcase name="test2" time="0.001" classname="testNG.ConditionalTests"/>
  <testcase name="test3" time="0.0" classname="testNG.ConditionalTests"/>
  <testcase name="test4" time="0.001" classname="testNG.ConditionalTests"/>
  <testcase name="testFindGrade102" time="0.002" classname="testNG.ConditionalTests"/>
  <testcase name="testFindGradeA1" time="0.001" classname="testNG.ConditionalTests"/>
  <testcase name="testFindGradeA2" time="0.0" classname="testNG.ConditionalTests"/>
  <testcase name="testFindGradeB1" time="0.0" classname="testNG.ConditionalTests"/>
  <testcase name="testFindGradeB2" time="0.001" classname="testNG.ConditionalTests"/>
  <testcase name="testFindGradeC1" time="0.002" classname="testNG.ConditionalTests"/>
  <testcase name="testFindGradeC2" time="0.001" classname="testNG.ConditionalTests"/>
  <testcase name="testFindGradeD1" time="0.001" classname="testNG.ConditionalTests"/>
  <testcase name="testFindGradeD2" time="0.001" classname="testNG.ConditionalTests"/>
  <testcase name="testFindGradeE1" time="0.0" classname="testNG.ConditionalTests"/>
  <testcase name="testFindGradeE2" time="0.0" classname="testNG.ConditionalTests"/>
  <testcase name="testFindGradeF1" time="0.0" classname="testNG.ConditionalTests"/>
  <testcase name="testFindGradeF2" time="0.001" classname="testNG.ConditionalTests"/>
  <testcase name="testFindGradeMinus" time="0.001" classname="testNG.ConditionalTests"/>
  <testcase name="testMult" time="0.001" classname="testNG.ConditionalTests"/>
  <testcase name="testSum" time="0.001" classname="testNG.ConditionalTests"/>
  <testcase name="testSumm" time="0.001" classname="testNG.ConditionalTests"/>
  <testcase name="testSummMMM" time="0.0" classname="testNG.ConditionalTests"/>
  <testcase name="testSummMMP" time="0.001" classname="testNG.ConditionalTests"/>
  <testcase name="testSummMPP" time="0.0" classname="testNG.ConditionalTests"/>
  <testcase name="testSummMinus" time="0.001" classname="testNG.ConditionalTests"/>
  <testcase name="testSummMult" time="0.0" classname="testNG.ConditionalTests"/>
  <testcase name="testSummPMM" time="0.001" classname="testNG.ConditionalTests"/>
  <testcase name="testSummPPM" time="0.0" classname="testNG.ConditionalTests"/>
  <testcase name="testSummPPP" time="0.0" classname="testNG.ConditionalTests"/>
  <testcase name="testSummSumm" time="0.0" classname="testNG.ConditionalTests"/>
  <testcase name="testSummZZ3" time="0.002" classname="testNG.ConditionalTests"/>
  <testcase name="testSummZZZ" time="0.001" classname="testNG.ConditionalTests"/>
  <testcase name="testSummZero" time="0.0" classname="testNG.ConditionalTests"/>
  <testcase name="testZero" time="0.0" classname="testNG.ConditionalTests"/>
  <testcase name="testBinSqr20" time="0.002" classname="testNG.CyclesTest"/>
  <testcase name="testBinSqr21" time="0.001" classname="testNG.CyclesTest"/>
  <testcase name="testBinarySqr0" time="0.001" classname="testNG.CyclesTest"/>
  <testcase name="testBinarySqr1" time="0.002" classname="testNG.CyclesTest"/>
  <testcase name="testBinarySqr16" time="0.009" classname="testNG.CyclesTest"/>
  <testcase name="testBinarySqr7" time="0.0" classname="testNG.CyclesTest"/>
  <testcase name="testCheckPrimeC" time="0.004" classname="testNG.CyclesTest"/>
  <testcase name="testCheckPrimeCM" time="0.001" classname="testNG.CyclesTest"/>
  <testcase name="testCheckPrimeP" time="0.0" classname="testNG.CyclesTest"/>
  <testcase name="testCheckPrimeP1" time="0.001" classname="testNG.CyclesTest"/>
  <testcase name="testCheckPrimePM" time="0.001" classname="testNG.CyclesTest"/>
  <testcase name="testCheckPrimeZ" time="0.001" classname="testNG.CyclesTest"/>
  <testcase name="testFactorial0" time="0.002" classname="testNG.CyclesTest"/>
  <testcase name="testFactorial1" time="0.001" classname="testNG.CyclesTest"/>
  <testcase name="testFactorial200" time="0.001" classname="testNG.CyclesTest"/>
  <testcase name="testFactorial5" time="0.0" classname="testNG.CyclesTest"/>
  <testcase name="testFactorialm" time="0.001" classname="testNG.CyclesTest"/>
  <testcase name="testFindQuantity" time="0.002" classname="testNG.CyclesTest"/>
  <testcase name="testFindSum" time="0.001" classname="testNG.CyclesTest"/>
  <testcase name="testRevrs1" time="0.001" classname="testNG.CyclesTest"/>
  <testcase name="testRevrs2" time="0.0" classname="testNG.CyclesTest"/>
  <testcase name="testSelectSqr0" time="0.0" classname="testNG.CyclesTest"/>
  <testcase name="testSelectSqr1" time="0.0" classname="testNG.CyclesTest"/>
  <testcase name="testSumNum1" time="0.001" classname="testNG.CyclesTest"/>
  <testcase name="testSumNum1_0" time="0.0" classname="testNG.CyclesTest"/>
  <testcase name="testSumNum1m" time="0.0" classname="testNG.CyclesTest"/>
  <testcase name="testSumNum2" time="0.0" classname="testNG.CyclesTest"/>
  <testcase name="testSumNum2_0" time="0.001" classname="testNG.CyclesTest"/>
  <testcase name="testSumNum2m" time="0.0" classname="testNG.CyclesTest"/>
  <testcase name="testtestBinSqr216" time="0.001" classname="testNG.CyclesTest"/>
  <testcase name="testtestBinSqr27" time="0.0" classname="testNG.CyclesTest"/>
  <testcase name="testtestBinSqr2_15" time="0.0" classname="testNG.CyclesTest"/>
  <testcase name="testtestBinSqr2_17" time="0.001" classname="testNG.CyclesTest"/>
  <testcase name="testtestSelectSqr16" time="0.001" classname="testNG.CyclesTest"/>
  <testcase name="testtestSelectSqr7" time="0.0" classname="testNG.CyclesTest"/>
  <testcase name="testConvertNS0" time="0.001" classname="testNG.FunctionsTest"/>
  <testcase name="testConvertNS10" time="0.0" classname="testNG.FunctionsTest"/>
  <testcase name="testConvertNS4" time="0.001" classname="testNG.FunctionsTest"/>
  <testcase name="testConvertNS40" time="0.0" classname="testNG.FunctionsTest"/>
  <testcase name="testConvertNS400" time="0.0" classname="testNG.FunctionsTest"/>
  <testcase name="testConvertNS405" time="0.001" classname="testNG.FunctionsTest"/>
  <testcase name="testConvertNS450" time="0.001" classname="testNG.FunctionsTest"/>
  <testcase name="testConvertNS459" time="0.001" classname="testNG.FunctionsTest"/>
  <testcase name="testConvertNS47" time="0.001" classname="testNG.FunctionsTest"/>
  <testcase name="testConvertNS721" time="0.001" classname="testNG.FunctionsTest"/>
  <testcase name="testConvertNS999" time="0.001" classname="testNG.FunctionsTest"/>
  <testcase name="testConvertSN0" time="0.005" classname="testNG.FunctionsTest"/>
  <testcase name="testConvertSN4" time="0.001" classname="testNG.FunctionsTest"/>
  <testcase name="testConvertSN40" time="0.001" classname="testNG.FunctionsTest"/>
  <testcase name="testConvertSN400" time="0.002" classname="testNG.FunctionsTest"/>
  <testcase name="testConvertSN450" time="0.003" classname="testNG.FunctionsTest"/>
  <testcase name="testConvertSN459" time="0.002" classname="testNG.FunctionsTest"/>
  <testcase name="testConvertSN47" time="0.003" classname="testNG.FunctionsTest"/>
  <testcase name="testMeasure" time="0.003" classname="testNG.FunctionsTest"/>
  <testcase name="testMeasure0" time="0.001" classname="testNG.FunctionsTest"/>
  <testcase name="testMeasure1" time="0.0" classname="testNG.FunctionsTest"/>
  <testcase name="testMeasure1m" time="0.0" classname="testNG.FunctionsTest"/>
  <testcase name="testToName" time="0.001" classname="testNG.FunctionsTest"/>
  <testcase name="testToName2" time="0.001" classname="testNG.FunctionsTest"/>
</testsuite> <!-- test -->
