<?xml version="1.0" encoding="UTF-8"?>
<!-- Generated by org.testng.reporters.JUnitXMLReporter -->
<testsuite hostname="MechanicPC" name="Default test" tests="34" failures="0" timestamp="5 Mar 2016 13:36:01 GMT" time="0.15" errors="0">
  <testcase name="test1" time="0.013" classname="testNG.ConditionalTests"/>
  <testcase name="test2" time="0.002" classname="testNG.ConditionalTests"/>
  <testcase name="test3" time="0.003" classname="testNG.ConditionalTests"/>
  <testcase name="test4" time="0.001" classname="testNG.ConditionalTests"/>
  <testcase name="testFindGrade102" time="0.004" classname="testNG.ConditionalTests"/>
  <testcase name="testFindGradeA1" time="0.003" classname="testNG.ConditionalTests"/>
  <testcase name="testFindGradeA2" time="0.001" classname="testNG.ConditionalTests"/>
  <testcase name="testFindGradeB1" time="0.002" classname="testNG.ConditionalTests"/>
  <testcase name="testFindGradeB2" time="0.0" classname="testNG.ConditionalTests"/>
  <testcase name="testFindGradeC1" time="0.0" classname="testNG.ConditionalTests"/>
  <testcase name="testFindGradeC2" time="0.001" classname="testNG.ConditionalTests"/>
  <testcase name="testFindGradeD1" time="0.001" classname="testNG.ConditionalTests"/>
  <testcase name="testFindGradeD2" time="0.0" classname="testNG.ConditionalTests"/>
  <testcase name="testFindGradeE1" time="0.0" classname="testNG.ConditionalTests"/>
  <testcase name="testFindGradeE2" time="0.001" classname="testNG.ConditionalTests"/>
  <testcase name="testFindGradeF1" time="0.001" classname="testNG.ConditionalTests"/>
  <testcase name="testFindGradeF2" time="0.001" classname="testNG.ConditionalTests"/>
  <testcase name="testFindGradeMinus" time="0.001" classname="testNG.ConditionalTests"/>
  <testcase name="testMult" time="0.001" classname="testNG.ConditionalTests"/>
  <testcase name="testSum" time="0.002" classname="testNG.ConditionalTests"/>
  <testcase name="testSumm" time="0.002" classname="testNG.ConditionalTests"/>
  <testcase name="testSummMMM" time="0.001" classname="testNG.ConditionalTests"/>
  <testcase name="testSummMMP" time="0.001" classname="testNG.ConditionalTests"/>
  <testcase name="testSummMPP" time="0.0" classname="testNG.ConditionalTests"/>
  <testcase name="testSummMinus" time="0.001" classname="testNG.ConditionalTests"/>
  <testcase name="testSummMult" time="0.001" classname="testNG.ConditionalTests"/>
  <testcase name="testSummPMM" time="0.001" classname="testNG.ConditionalTests"/>
  <testcase name="testSummPPM" time="0.003" classname="testNG.ConditionalTests"/>
  <testcase name="testSummPPP" time="0.001" classname="testNG.ConditionalTests"/>
  <testcase name="testSummSumm" time="0.001" classname="testNG.ConditionalTests"/>
  <testcase name="testSummZZ3" time="0.001" classname="testNG.ConditionalTests"/>
  <testcase name="testSummZZZ" time="0.001" classname="testNG.ConditionalTests"/>
  <testcase name="testSummZero" time="0.001" classname="testNG.ConditionalTests"/>
  <testcase name="testZero" time="0.0" classname="testNG.ConditionalTests"/>
</testsuite> <!-- Default test -->
